{"timestamp":"2023-01-05 10:20:14.1450","caller":"config.go:173","logLevel":"INFO","msg":"[Config] Log base directory","baseDir":"E:\project\jam3\logs\csp"}
{"timestamp":"2023-01-05 10:20:14.1450","caller":"config.go:88","logLevel":"INFO","msg":"[Config] App name resolved","appName":"user"}
{"timestamp":"2023-01-05 10:20:14.1450","caller":"config.go:89","logLevel":"INFO","msg":"[Config] Print effective global config","globalConfig":{"Version":"v1","Sentinel":{"App":{"Name":"user","Type":0},"Log":{"Logger":null,"Dir":"E:\\project\\jam3\\logs\\csp","UsePid":false,"Metric":{"SingleFileMaxSize":52428800,"MaxFileCount":14,"FlushIntervalSec":1}},"Stat":{"GlobalStatisticSampleCountTotal":20,"GlobalStatisticIntervalMsTotal":10000,"MetricStatisticSampleCount":2,"MetricStatisticIntervalMs":1000,"System":{"CollectIntervalMs":1000}},"UseCacheTime":true}}}
{"timestamp":"2023-01-05 10:20:14.1450","caller":"writer.go:248","logLevel":"INFO","msg":"[MetricWriter] New metric log file created","filename":"E:\project\jam3\logs\csp\user-metrics.log.2023-01-05"}
{"timestamp":"2023-01-05 10:20:14.1450","caller":"writer.go:255","logLevel":"INFO","msg":"[MetricWriter] New metric log index file created","idxFile":"E:\project\jam3\logs\csp\user-metrics.log.2023-01-05.idx"}
{"timestamp":"2023-01-05 10:24:36.3650","caller":"config.go:173","logLevel":"INFO","msg":"[Config] Log base directory","baseDir":"E:\project\jam3\logs\csp"}
{"timestamp":"2023-01-05 10:24:36.3650","caller":"config.go:88","logLevel":"INFO","msg":"[Config] App name resolved","appName":"user"}
{"timestamp":"2023-01-05 10:24:36.3650","caller":"config.go:89","logLevel":"INFO","msg":"[Config] Print effective global config","globalConfig":{"Version":"v1","Sentinel":{"App":{"Name":"user","Type":0},"Log":{"Logger":null,"Dir":"E:\\project\\jam3\\logs\\csp","UsePid":false,"Metric":{"SingleFileMaxSize":52428800,"MaxFileCount":14,"FlushIntervalSec":1}},"Stat":{"GlobalStatisticSampleCountTotal":20,"GlobalStatisticIntervalMsTotal":10000,"MetricStatisticSampleCount":2,"MetricStatisticIntervalMs":1000,"System":{"CollectIntervalMs":1000}},"UseCacheTime":true}}}
{"timestamp":"2023-01-05 10:24:36.3650","caller":"writer.go:248","logLevel":"INFO","msg":"[MetricWriter] New metric log file created","filename":"E:\project\jam3\logs\csp\user-metrics.log.2023-01-05.1"}
{"timestamp":"2023-01-05 10:24:36.3650","caller":"writer.go:255","logLevel":"INFO","msg":"[MetricWriter] New metric log index file created","idxFile":"E:\project\jam3\logs\csp\user-metrics.log.2023-01-05.1.idx"}
{"timestamp":"2023-01-09 13:02:54.5490","caller":"config.go:173","logLevel":"INFO","msg":"[Config] Log base directory","baseDir":"/root/mygo/jam3/logs/csp"}
{"timestamp":"2023-01-09 13:02:54.5490","caller":"config.go:88","logLevel":"INFO","msg":"[Config] App name resolved","appName":"user"}
{"timestamp":"2023-01-09 13:02:54.5490","caller":"config.go:89","logLevel":"INFO","msg":"[Config] Print effective global config","globalConfig":{"Version":"v1","Sentinel":{"App":{"Name":"user","Type":0},"Log":{"Logger":null,"Dir":"/root/mygo/jam3/logs/csp","UsePid":false,"Metric":{"SingleFileMaxSize":52428800,"MaxFileCount":14,"FlushIntervalSec":1}},"Stat":{"GlobalStatisticSampleCountTotal":20,"GlobalStatisticIntervalMsTotal":10000,"MetricStatisticSampleCount":2,"MetricStatisticIntervalMs":1000,"System":{"CollectIntervalMs":1000}},"UseCacheTime":true}}}
{"timestamp":"2023-01-09 13:02:54.5490","caller":"writer.go:248","logLevel":"INFO","msg":"[MetricWriter] New metric log file created","filename":"/root/mygo/jam3/logs/csp/user-metrics.log.2023-01-09"}
{"timestamp":"2023-01-09 13:02:54.5490","caller":"writer.go:255","logLevel":"INFO","msg":"[MetricWriter] New metric log index file created","idxFile":"/root/mygo/jam3/logs/csp/user-metrics.log.2023-01-09.idx"}
{"timestamp":"2023-01-09 13:55:18.1890","caller":"config.go:173","logLevel":"INFO","msg":"[Config] Log base directory","baseDir":"/root/mygo/jam3/logs/csp"}
{"timestamp":"2023-01-09 13:55:18.1890","caller":"config.go:88","logLevel":"INFO","msg":"[Config] App name resolved","appName":"user"}
{"timestamp":"2023-01-09 13:55:18.1890","caller":"config.go:89","logLevel":"INFO","msg":"[Config] Print effective global config","globalConfig":{"Version":"v1","Sentinel":{"App":{"Name":"user","Type":0},"Log":{"Logger":null,"Dir":"/root/mygo/jam3/logs/csp","UsePid":false,"Metric":{"SingleFileMaxSize":52428800,"MaxFileCount":14,"FlushIntervalSec":1}},"Stat":{"GlobalStatisticSampleCountTotal":20,"GlobalStatisticIntervalMsTotal":10000,"MetricStatisticSampleCount":2,"MetricStatisticIntervalMs":1000,"System":{"CollectIntervalMs":1000}},"UseCacheTime":true}}}
{"timestamp":"2023-01-09 13:55:18.1890","caller":"writer.go:248","logLevel":"INFO","msg":"[MetricWriter] New metric log file created","filename":"/root/mygo/jam3/logs/csp/user-metrics.log.2023-01-09.1"}
{"timestamp":"2023-01-09 13:55:18.1890","caller":"writer.go:255","logLevel":"INFO","msg":"[MetricWriter] New metric log index file created","idxFile":"/root/mygo/jam3/logs/csp/user-metrics.log.2023-01-09.1.idx"}
{"timestamp":"2023-01-09 13:56:05.590","caller":"config.go:173","logLevel":"INFO","msg":"[Config] Log base directory","baseDir":"/root/mygo/jam3/logs/csp"}
{"timestamp":"2023-01-09 13:56:05.590","caller":"config.go:88","logLevel":"INFO","msg":"[Config] App name resolved","appName":"user"}
{"timestamp":"2023-01-09 13:56:05.590","caller":"config.go:89","logLevel":"INFO","msg":"[Config] Print effective global config","globalConfig":{"Version":"v1","Sentinel":{"App":{"Name":"user","Type":0},"Log":{"Logger":null,"Dir":"/root/mygo/jam3/logs/csp","UsePid":false,"Metric":{"SingleFileMaxSize":52428800,"MaxFileCount":14,"FlushIntervalSec":1}},"Stat":{"GlobalStatisticSampleCountTotal":20,"GlobalStatisticIntervalMsTotal":10000,"MetricStatisticSampleCount":2,"MetricStatisticIntervalMs":1000,"System":{"CollectIntervalMs":1000}},"UseCacheTime":true}}}
{"timestamp":"2023-01-09 13:56:05.590","caller":"writer.go:248","logLevel":"INFO","msg":"[MetricWriter] New metric log file created","filename":"/root/mygo/jam3/logs/csp/user-metrics.log.2023-01-09.2"}
{"timestamp":"2023-01-09 13:56:05.590","caller":"writer.go:255","logLevel":"INFO","msg":"[MetricWriter] New metric log index file created","idxFile":"/root/mygo/jam3/logs/csp/user-metrics.log.2023-01-09.2.idx"}
{"timestamp":"2023-01-09 14:33:35.3590","caller":"config.go:173","logLevel":"INFO","msg":"[Config] Log base directory","baseDir":"/root/mygo/jam3/logs/csp"}
{"timestamp":"2023-01-09 14:33:35.3590","caller":"config.go:88","logLevel":"INFO","msg":"[Config] App name resolved","appName":"user"}
{"timestamp":"2023-01-09 14:33:35.3590","caller":"config.go:89","logLevel":"INFO","msg":"[Config] Print effective global config","globalConfig":{"Version":"v1","Sentinel":{"App":{"Name":"user","Type":0},"Log":{"Logger":null,"Dir":"/root/mygo/jam3/logs/csp","UsePid":false,"Metric":{"SingleFileMaxSize":52428800,"MaxFileCount":14,"FlushIntervalSec":1}},"Stat":{"GlobalStatisticSampleCountTotal":20,"GlobalStatisticIntervalMsTotal":10000,"MetricStatisticSampleCount":2,"MetricStatisticIntervalMs":1000,"System":{"CollectIntervalMs":1000}},"UseCacheTime":true}}}
{"timestamp":"2023-01-09 14:33:35.3590","caller":"writer.go:248","logLevel":"INFO","msg":"[MetricWriter] New metric log file created","filename":"/root/mygo/jam3/logs/csp/user-metrics.log.2023-01-09.3"}
{"timestamp":"2023-01-09 14:33:35.3590","caller":"writer.go:255","logLevel":"INFO","msg":"[MetricWriter] New metric log index file created","idxFile":"/root/mygo/jam3/logs/csp/user-metrics.log.2023-01-09.3.idx"}
{"timestamp":"2023-01-09 20:11:02.290","caller":"config.go:173","logLevel":"INFO","msg":"[Config] Log base directory","baseDir":"/root/mygo/jam3/logs/csp"}
{"timestamp":"2023-01-09 20:11:02.290","caller":"config.go:88","logLevel":"INFO","msg":"[Config] App name resolved","appName":"user"}
{"timestamp":"2023-01-09 20:11:02.290","caller":"config.go:89","logLevel":"INFO","msg":"[Config] Print effective global config","globalConfig":{"Version":"v1","Sentinel":{"App":{"Name":"user","Type":0},"Log":{"Logger":null,"Dir":"/root/mygo/jam3/logs/csp","UsePid":false,"Metric":{"SingleFileMaxSize":52428800,"MaxFileCount":14,"FlushIntervalSec":1}},"Stat":{"GlobalStatisticSampleCountTotal":20,"GlobalStatisticIntervalMsTotal":10000,"MetricStatisticSampleCount":2,"MetricStatisticIntervalMs":1000,"System":{"CollectIntervalMs":1000}},"UseCacheTime":true}}}
{"timestamp":"2023-01-09 20:11:02.290","caller":"writer.go:248","logLevel":"INFO","msg":"[MetricWriter] New metric log file created","filename":"/root/mygo/jam3/logs/csp/user-metrics.log.2023-01-09.4"}
{"timestamp":"2023-01-09 20:11:02.290","caller":"writer.go:255","logLevel":"INFO","msg":"[MetricWriter] New metric log index file created","idxFile":"/root/mygo/jam3/logs/csp/user-metrics.log.2023-01-09.4.idx"}
