{"level":"DEBUG","time":"2023-01-02T22:57:54.799+0800","caller":"router/router.go:55","msg":"grpc:127.0.0.1:8881"}
{"level":"INFO","time":"2023-01-02T22:58:10.286+0800","caller":"user/user.go:29","msg":"Get param"}
{"level":"DEBUG","time":"2023-01-02T22:58:10.290+0800","caller":"user/user.go:33","msg":"Get param123"}
{"level":"DEBUG","time":"2023-01-03T12:21:47.975+0800","caller":"router/router.go:55","msg":"grpc:127.0.0.1:8881"}
{"level":"INFO","time":"2023-01-03T12:22:03.802+0800","caller":"user/user.go:44","msg":"Get param"}
{"level":"INFO","time":"2023-01-03T12:22:03.802+0800","caller":"user/user.go:44","msg":"Get param"}
{"level":"DEBUG","time":"2023-01-03T12:22:03.805+0800","caller":"user/user.go:48","msg":"Get param123"}
{"level":"DEBUG","time":"2023-01-03T12:25:21.169+0800","caller":"router/router.go:55","msg":"grpc:127.0.0.1:8881"}
{"level":"DEBUG","time":"2023-01-03T12:28:36.140+0800","caller":"router/router.go:55","msg":"grpc:127.0.0.1:8881"}
{"level":"DEBUG","time":"2023-01-03T12:35:30.325+0800","caller":"router/router.go:55","msg":"grpc:127.0.0.1:8881"}
{"level":"INFO","time":"2023-01-03T12:37:50.407+0800","caller":"user/user.go:44","msg":"Get param"}
{"level":"INFO","time":"2023-01-03T12:37:50.407+0800","caller":"user/user.go:44","msg":"Get param"}
{"level":"DEBUG","time":"2023-01-03T12:37:50.414+0800","caller":"user/user.go:48","msg":"Get param123"}
{"level":"DEBUG","time":"2023-01-03T12:39:36.699+0800","caller":"router/router.go:55","msg":"grpc:127.0.0.1:8881"}
{"level":"DEBUG","time":"2023-01-03T12:48:14.517+0800","caller":"router/router.go:55","msg":"grpc:127.0.0.1:8881"}
{"level":"INFO","time":"2023-01-03T12:51:10.023+0800","caller":"user/user.go:40","msg":"Get param"}
{"level":"INFO","time":"2023-01-03T12:51:10.023+0800","caller":"user/user.go:40","msg":"Get param"}
{"level":"DEBUG","time":"2023-01-03T12:51:10.052+0800","caller":"user/user.go:44","msg":"Get param"}
{"level":"INFO","time":"2023-01-03T13:36:42.160+0800","caller":"user/user.go:40","msg":"Get param"}
{"level":"INFO","time":"2023-01-03T13:36:42.160+0800","caller":"user/user.go:40","msg":"Get param"}
{"level":"DEBUG","time":"2023-01-03T13:36:42.169+0800","caller":"user/user.go:44","msg":"Get param123"}
{"level":"DEBUG","time":"2023-01-03T14:47:24.857+0800","caller":"router/router.go:55","msg":"grpc:127.0.0.1:8881"}
{"level":"INFO","time":"2023-01-03T14:47:33.358+0800","caller":"user/user.go:40","msg":"Get param"}
{"level":"INFO","time":"2023-01-03T14:47:33.358+0800","caller":"user/user.go:40","msg":"Get param"}
{"level":"DEBUG","time":"2023-01-03T14:47:33.360+0800","caller":"user/user.go:44","msg":"Get param123"}
{"level":"INFO","time":"2023-01-03T14:47:33.365+0800","caller":"login.service.v1/login_service.go:27","msg":"Get param"}
{"level":"INFO","time":"2023-01-03T14:47:33.365+0800","caller":"login.service.v1/login_service.go:27","msg":"Get param"}
{"level":"DEBUG","time":"2023-01-03T14:47:33.365+0800","caller":"login.service.v1/login_service.go:31","msg":"Get param123"}
{"level":"INFO","time":"2023-01-03T14:47:45.570+0800","caller":"user/user.go:40","msg":"Get param"}
{"level":"INFO","time":"2023-01-03T14:47:45.570+0800","caller":"user/user.go:40","msg":"Get param"}
{"level":"DEBUG","time":"2023-01-03T14:47:45.600+0800","caller":"user/user.go:44","msg":"Get param123"}
{"level":"INFO","time":"2023-01-03T14:47:45.652+0800","caller":"login.service.v1/login_service.go:27","msg":"Get param"}
{"level":"INFO","time":"2023-01-03T14:47:45.652+0800","caller":"login.service.v1/login_service.go:27","msg":"Get param"}
{"level":"DEBUG","time":"2023-01-03T14:47:45.654+0800","caller":"login.service.v1/login_service.go:31","msg":"Get param123"}
{"level":"INFO","time":"2023-01-03T14:47:50.728+0800","caller":"user/user.go:40","msg":"Get param"}
{"level":"INFO","time":"2023-01-03T14:47:50.728+0800","caller":"user/user.go:40","msg":"Get param"}
{"level":"DEBUG","time":"2023-01-03T14:47:50.784+0800","caller":"user/user.go:44","msg":"Get param3"}
{"level":"INFO","time":"2023-01-03T14:47:50.788+0800","caller":"login.service.v1/login_service.go:27","msg":"Get param"}
{"level":"INFO","time":"2023-01-03T14:47:50.788+0800","caller":"login.service.v1/login_service.go:27","msg":"Get param"}
{"level":"DEBUG","time":"2023-01-03T14:47:50.789+0800","caller":"login.service.v1/login_service.go:31","msg":"Get param3"}
{"level":"INFO","time":"2023-01-03T14:48:01.179+0800","caller":"user/user.go:40","msg":"Get param"}
{"level":"INFO","time":"2023-01-03T14:48:01.179+0800","caller":"user/user.go:40","msg":"Get param"}
{"level":"DEBUG","time":"2023-01-03T14:48:01.180+0800","caller":"user/user.go:44","msg":"Get param5"}
{"level":"INFO","time":"2023-01-03T14:48:01.182+0800","caller":"login.service.v1/login_service.go:27","msg":"Get param"}
{"level":"INFO","time":"2023-01-03T14:48:01.182+0800","caller":"login.service.v1/login_service.go:27","msg":"Get param"}
{"level":"DEBUG","time":"2023-01-03T14:48:01.183+0800","caller":"login.service.v1/login_service.go:31","msg":"Get param5"}
{"level":"INFO","time":"2023-01-03T14:48:06.974+0800","caller":"user/user.go:40","msg":"Get param"}
{"level":"INFO","time":"2023-01-03T14:48:06.974+0800","caller":"user/user.go:40","msg":"Get param"}
{"level":"DEBUG","time":"2023-01-03T14:48:06.975+0800","caller":"user/user.go:44","msg":"Get param1"}
{"level":"INFO","time":"2023-01-03T14:48:06.982+0800","caller":"login.service.v1/login_service.go:27","msg":"Get param"}
{"level":"INFO","time":"2023-01-03T14:48:06.982+0800","caller":"login.service.v1/login_service.go:27","msg":"Get param"}
{"level":"DEBUG","time":"2023-01-03T14:48:07.019+0800","caller":"login.service.v1/login_service.go:31","msg":"Get param1"}
{"level":"DEBUG","time":"2023-01-03T15:14:14.870+0800","caller":"router/router.go:55","msg":"grpc:127.0.0.1:8881"}
{"level":"INFO","time":"2023-01-03T15:14:26.017+0800","caller":"user/user.go:41","msg":"Get param"}
{"level":"INFO","time":"2023-01-03T15:14:26.017+0800","caller":"user/user.go:41","msg":"Get param"}
{"level":"DEBUG","time":"2023-01-03T15:14:26.027+0800","caller":"user/user.go:45","msg":"Get param1"}
{"level":"INFO","time":"2023-01-03T15:14:26.037+0800","caller":"login.service.v1/login_service.go:28","msg":"Get param"}
{"level":"INFO","time":"2023-01-03T15:14:26.037+0800","caller":"login.service.v1/login_service.go:28","msg":"Get param"}
{"level":"DEBUG","time":"2023-01-03T15:14:26.062+0800","caller":"login.service.v1/login_service.go:32","msg":"Get param1"}
{"level":"INFO","time":"2023-01-03T15:14:58.733+0800","caller":"user/user.go:41","msg":"Get param"}
{"level":"INFO","time":"2023-01-03T15:14:58.733+0800","caller":"user/user.go:41","msg":"Get param"}
{"level":"DEBUG","time":"2023-01-03T15:14:58.734+0800","caller":"user/user.go:45","msg":"Get param1"}
{"level":"INFO","time":"2023-01-03T15:14:58.736+0800","caller":"login.service.v1/login_service.go:28","msg":"Get param"}
{"level":"INFO","time":"2023-01-03T15:14:58.736+0800","caller":"login.service.v1/login_service.go:28","msg":"Get param"}
{"level":"DEBUG","time":"2023-01-03T15:14:58.736+0800","caller":"login.service.v1/login_service.go:32","msg":"Get param1"}
{"level":"INFO","time":"2023-01-03T15:15:18.466+0800","caller":"user/user.go:41","msg":"Get param"}
{"level":"INFO","time":"2023-01-03T15:15:18.466+0800","caller":"user/user.go:41","msg":"Get param"}
{"level":"DEBUG","time":"2023-01-03T15:15:18.467+0800","caller":"user/user.go:45","msg":"Get param3"}
{"level":"INFO","time":"2023-01-03T15:15:18.472+0800","caller":"login.service.v1/login_service.go:28","msg":"Get param"}
{"level":"INFO","time":"2023-01-03T15:15:18.472+0800","caller":"login.service.v1/login_service.go:28","msg":"Get param"}
{"level":"DEBUG","time":"2023-01-03T15:15:18.473+0800","caller":"login.service.v1/login_service.go:32","msg":"Get param3"}
{"level":"DEBUG","time":"2023-01-03T15:23:46.708+0800","caller":"router/router.go:55","msg":"grpc:127.0.0.1:8881"}
{"level":"INFO","time":"2023-01-03T15:23:57.866+0800","caller":"user/user.go:41","msg":"Get param"}
{"level":"INFO","time":"2023-01-03T15:23:57.866+0800","caller":"user/user.go:41","msg":"Get param"}
{"level":"DEBUG","time":"2023-01-03T15:23:57.872+0800","caller":"user/user.go:45","msg":"Get param3"}
{"level":"INFO","time":"2023-01-03T15:23:57.876+0800","caller":"login.service.v1/login_service.go:28","msg":"Get param"}
{"level":"INFO","time":"2023-01-03T15:23:57.876+0800","caller":"login.service.v1/login_service.go:28","msg":"Get param"}
{"level":"DEBUG","time":"2023-01-03T15:23:57.877+0800","caller":"login.service.v1/login_service.go:32","msg":"Get param3"}
{"level":"INFO","time":"2023-01-03T15:24:16.732+0800","caller":"user/user.go:41","msg":"Get param"}
{"level":"INFO","time":"2023-01-03T15:24:16.732+0800","caller":"user/user.go:41","msg":"Get param"}
{"level":"DEBUG","time":"2023-01-03T15:24:16.733+0800","caller":"user/user.go:45","msg":"Get param3"}
{"level":"INFO","time":"2023-01-03T15:24:16.734+0800","caller":"login.service.v1/login_service.go:28","msg":"Get param"}
{"level":"INFO","time":"2023-01-03T15:24:16.734+0800","caller":"login.service.v1/login_service.go:28","msg":"Get param"}
{"level":"DEBUG","time":"2023-01-03T15:24:16.735+0800","caller":"login.service.v1/login_service.go:32","msg":"Get param3"}
{"level":"INFO","time":"2023-01-03T15:24:20.240+0800","caller":"user/user.go:41","msg":"Get param"}
{"level":"INFO","time":"2023-01-03T15:24:20.240+0800","caller":"user/user.go:41","msg":"Get param"}
{"level":"DEBUG","time":"2023-01-03T15:24:20.241+0800","caller":"user/user.go:45","msg":"Get param3"}
{"level":"INFO","time":"2023-01-03T15:24:20.242+0800","caller":"login.service.v1/login_service.go:28","msg":"Get param"}
{"level":"INFO","time":"2023-01-03T15:24:20.242+0800","caller":"login.service.v1/login_service.go:28","msg":"Get param"}
{"level":"DEBUG","time":"2023-01-03T15:24:20.243+0800","caller":"login.service.v1/login_service.go:32","msg":"Get param3"}
{"level":"INFO","time":"2023-01-03T15:24:22.285+0800","caller":"user/user.go:41","msg":"Get param"}
{"level":"INFO","time":"2023-01-03T15:24:22.285+0800","caller":"user/user.go:41","msg":"Get param"}
{"level":"DEBUG","time":"2023-01-03T15:24:22.285+0800","caller":"user/user.go:45","msg":"Get param3"}
{"level":"INFO","time":"2023-01-03T15:24:22.287+0800","caller":"login.service.v1/login_service.go:28","msg":"Get param"}
{"level":"INFO","time":"2023-01-03T15:24:22.287+0800","caller":"login.service.v1/login_service.go:28","msg":"Get param"}
{"level":"DEBUG","time":"2023-01-03T15:24:22.287+0800","caller":"login.service.v1/login_service.go:32","msg":"Get param3"}
{"level":"INFO","time":"2023-01-03T15:24:29.671+0800","caller":"user/user.go:41","msg":"Get param"}
{"level":"INFO","time":"2023-01-03T15:24:29.671+0800","caller":"user/user.go:41","msg":"Get param"}
{"level":"DEBUG","time":"2023-01-03T15:24:29.671+0800","caller":"user/user.go:45","msg":"Get param3"}
{"level":"INFO","time":"2023-01-03T15:24:29.674+0800","caller":"login.service.v1/login_service.go:28","msg":"Get param"}
{"level":"INFO","time":"2023-01-03T15:24:29.674+0800","caller":"login.service.v1/login_service.go:28","msg":"Get param"}
{"level":"DEBUG","time":"2023-01-03T15:24:29.675+0800","caller":"login.service.v1/login_service.go:32","msg":"Get param3"}
{"level":"DEBUG","time":"2023-01-03T15:34:33.757+0800","caller":"router/router.go:55","msg":"grpc:127.0.0.1:8881"}
{"level":"INFO","time":"2023-01-03T15:34:37.836+0800","caller":"user/user.go:41","msg":"Get param"}
{"level":"INFO","time":"2023-01-03T15:34:37.836+0800","caller":"user/user.go:41","msg":"Get param"}
{"level":"DEBUG","time":"2023-01-03T15:34:37.838+0800","caller":"user/user.go:45","msg":"Get param uid : 3"}
{"level":"INFO","time":"2023-01-03T15:34:37.840+0800","caller":"login.service.v1/login_service.go:28","msg":"Get param"}
{"level":"INFO","time":"2023-01-03T15:34:37.840+0800","caller":"login.service.v1/login_service.go:28","msg":"Get param"}
{"level":"DEBUG","time":"2023-01-03T15:34:37.840+0800","caller":"login.service.v1/login_service.go:32","msg":"Get param3"}
{"level":"INFO","time":"2023-01-03T15:34:48.928+0800","caller":"user/user.go:41","msg":"Get param"}
{"level":"INFO","time":"2023-01-03T15:34:48.928+0800","caller":"user/user.go:41","msg":"Get param"}
{"level":"DEBUG","time":"2023-01-03T15:34:48.945+0800","caller":"user/user.go:45","msg":"Get param uid : 3"}
{"level":"INFO","time":"2023-01-03T15:34:48.954+0800","caller":"login.service.v1/login_service.go:28","msg":"Get param"}
{"level":"INFO","time":"2023-01-03T15:34:48.954+0800","caller":"login.service.v1/login_service.go:28","msg":"Get param"}
{"level":"DEBUG","time":"2023-01-03T15:34:48.955+0800","caller":"login.service.v1/login_service.go:32","msg":"Get param3"}
{"level":"INFO","time":"2023-01-03T15:34:54.910+0800","caller":"user/user.go:41","msg":"Get param"}
{"level":"INFO","time":"2023-01-03T15:34:54.910+0800","caller":"user/user.go:41","msg":"Get param"}
{"level":"DEBUG","time":"2023-01-03T15:34:54.911+0800","caller":"user/user.go:45","msg":"Get param uid : 3"}
{"level":"INFO","time":"2023-01-03T15:34:54.913+0800","caller":"login.service.v1/login_service.go:28","msg":"Get param"}
{"level":"INFO","time":"2023-01-03T15:34:54.913+0800","caller":"login.service.v1/login_service.go:28","msg":"Get param"}
{"level":"DEBUG","time":"2023-01-03T15:34:54.913+0800","caller":"login.service.v1/login_service.go:32","msg":"Get param3"}
{"level":"INFO","time":"2023-01-03T15:35:09.882+0800","caller":"user/user.go:41","msg":"Get param"}
{"level":"INFO","time":"2023-01-03T15:35:09.882+0800","caller":"user/user.go:41","msg":"Get param"}
{"level":"DEBUG","time":"2023-01-03T15:35:09.882+0800","caller":"user/user.go:45","msg":"Get param uid : 3"}
{"level":"INFO","time":"2023-01-03T15:35:09.884+0800","caller":"login.service.v1/login_service.go:28","msg":"Get param"}
{"level":"INFO","time":"2023-01-03T15:35:09.884+0800","caller":"login.service.v1/login_service.go:28","msg":"Get param"}
{"level":"DEBUG","time":"2023-01-03T15:35:09.884+0800","caller":"login.service.v1/login_service.go:32","msg":"Get param3"}
{"level":"DEBUG","time":"2023-01-03T16:30:54.560+0800","caller":"router/router.go:55","msg":"grpc:127.0.0.1:8881"}
{"level":"ERROR","time":"2023-01-03T16:32:06.294+0800","caller":"user/user.go:78","msg":"username or password is null"}
{"level":"ERROR","time":"2023-01-03T16:32:06.294+0800","caller":"user/user.go:78","msg":"username or password is null"}
{"level":"ERROR","time":"2023-01-03T16:32:06.294+0800","caller":"user/user.go:78","msg":"username or password is null"}
{"level":"ERROR","time":"2023-01-03T16:32:22.277+0800","caller":"user/user.go:78","msg":"username or password is null"}
{"level":"ERROR","time":"2023-01-03T16:32:22.277+0800","caller":"user/user.go:78","msg":"username or password is null"}
{"level":"ERROR","time":"2023-01-03T16:32:22.277+0800","caller":"user/user.go:78","msg":"username or password is null"}
{"level":"DEBUG","time":"2023-01-03T16:38:04.299+0800","caller":"router/router.go:55","msg":"grpc:127.0.0.1:8881"}
{"level":"DEBUG","time":"2023-01-03T16:40:13.189+0800","caller":"router/router.go:55","msg":"grpc:127.0.0.1:8881"}
{"level":"DEBUG","time":"2023-01-03T17:28:17.391+0800","caller":"router/router.go:55","msg":"grpc:127.0.0.1:8881"}
{"level":"ERROR","time":"2023-01-03T17:30:14.858+0800","caller":"user/user.go:78","msg":"username or password is null"}
{"level":"ERROR","time":"2023-01-03T17:30:14.858+0800","caller":"user/user.go:78","msg":"username or password is null"}
{"level":"ERROR","time":"2023-01-03T17:30:14.858+0800","caller":"user/user.go:78","msg":"username or password is null"}
{"level":"DEBUG","time":"2023-01-03T17:34:01.903+0800","caller":"router/router.go:55","msg":"grpc:127.0.0.1:8881"}
{"level":"DEBUG","time":"2023-01-03T17:37:21.729+0800","caller":"router/router.go:55","msg":"grpc:127.0.0.1:8881"}
{"level":"DEBUG","time":"2023-01-03T17:55:05.210+0800","caller":"router/router.go:55","msg":"grpc:127.0.0.1:8881"}
{"level":"DEBUG","time":"2023-01-03T18:00:50.586+0800","caller":"router/router.go:55","msg":"grpc:127.0.0.1:8881"}
{"level":"INFO","time":"2023-01-03T18:10:46.393+0800","caller":"user/user.go:41","msg":"Get param"}
{"level":"INFO","time":"2023-01-03T18:10:46.393+0800","caller":"user/user.go:41","msg":"Get param"}
{"level":"DEBUG","time":"2023-01-03T18:10:46.395+0800","caller":"user/user.go:45","msg":"Get param uid : 3"}
{"level":"INFO","time":"2023-01-03T18:10:46.396+0800","caller":"login.service.v1/login_service.go:39","msg":"Get param"}
{"level":"INFO","time":"2023-01-03T18:10:46.396+0800","caller":"login.service.v1/login_service.go:39","msg":"Get param"}
{"level":"DEBUG","time":"2023-01-03T18:10:46.397+0800","caller":"login.service.v1/login_service.go:43","msg":"Get param3"}
{"level":"DEBUG","time":"2023-01-03T18:17:47.633+0800","caller":"router/router.go:55","msg":"grpc:127.0.0.1:8881"}
{"level":"INFO","time":"2023-01-03T18:17:56.358+0800","caller":"user/user.go:41","msg":"Get param"}
{"level":"INFO","time":"2023-01-03T18:17:56.358+0800","caller":"user/user.go:41","msg":"Get param"}
{"level":"DEBUG","time":"2023-01-03T18:17:56.359+0800","caller":"user/user.go:45","msg":"Get param uid : 3"}
{"level":"INFO","time":"2023-01-03T18:17:56.361+0800","caller":"login.service.v1/login_service.go:39","msg":"Get param"}
{"level":"INFO","time":"2023-01-03T18:17:56.361+0800","caller":"login.service.v1/login_service.go:39","msg":"Get param"}
{"level":"DEBUG","time":"2023-01-03T18:17:56.362+0800","caller":"login.service.v1/login_service.go:43","msg":"Get param3"}
{"level":"INFO","time":"2023-01-03T18:18:18.745+0800","caller":"user/user.go:41","msg":"Get param"}
{"level":"INFO","time":"2023-01-03T18:18:18.745+0800","caller":"user/user.go:41","msg":"Get param"}
{"level":"DEBUG","time":"2023-01-03T18:18:18.746+0800","caller":"user/user.go:45","msg":"Get param uid : 3"}
{"level":"INFO","time":"2023-01-03T18:18:18.748+0800","caller":"login.service.v1/login_service.go:39","msg":"Get param"}
{"level":"INFO","time":"2023-01-03T18:18:18.748+0800","caller":"login.service.v1/login_service.go:39","msg":"Get param"}
{"level":"DEBUG","time":"2023-01-03T18:18:18.748+0800","caller":"login.service.v1/login_service.go:43","msg":"Get param3"}
{"level":"DEBUG","time":"2023-01-03T18:21:40.286+0800","caller":"router/router.go:55","msg":"grpc:127.0.0.1:8881"}
{"level":"INFO","time":"2023-01-03T18:23:17.592+0800","caller":"user/user.go:41","msg":"Get param"}
{"level":"INFO","time":"2023-01-03T18:23:17.592+0800","caller":"user/user.go:41","msg":"Get param"}
{"level":"DEBUG","time":"2023-01-03T18:23:17.593+0800","caller":"user/user.go:45","msg":"Get param uid : 3"}
{"level":"INFO","time":"2023-01-03T18:23:17.595+0800","caller":"login.service.v1/login_service.go:39","msg":"Get param"}
{"level":"INFO","time":"2023-01-03T18:23:17.595+0800","caller":"login.service.v1/login_service.go:39","msg":"Get param"}
{"level":"DEBUG","time":"2023-01-03T18:23:17.595+0800","caller":"login.service.v1/login_service.go:43","msg":"Get param3"}
{"level":"INFO","time":"2023-01-03T18:23:21.035+0800","caller":"user/user.go:41","msg":"Get param"}
{"level":"INFO","time":"2023-01-03T18:23:21.035+0800","caller":"user/user.go:41","msg":"Get param"}
{"level":"DEBUG","time":"2023-01-03T18:23:21.036+0800","caller":"user/user.go:45","msg":"Get param uid : 3"}
{"level":"INFO","time":"2023-01-03T18:23:21.037+0800","caller":"login.service.v1/login_service.go:39","msg":"Get param"}
{"level":"INFO","time":"2023-01-03T18:23:21.037+0800","caller":"login.service.v1/login_service.go:39","msg":"Get param"}
{"level":"DEBUG","time":"2023-01-03T18:23:21.038+0800","caller":"login.service.v1/login_service.go:43","msg":"Get param3"}
{"level":"INFO","time":"2023-01-03T18:25:07.876+0800","caller":"user/user.go:41","msg":"Get param"}
{"level":"INFO","time":"2023-01-03T18:25:07.876+0800","caller":"user/user.go:41","msg":"Get param"}
{"level":"DEBUG","time":"2023-01-03T18:25:07.877+0800","caller":"user/user.go:45","msg":"Get param uid : 3"}
{"level":"INFO","time":"2023-01-03T18:25:07.878+0800","caller":"login.service.v1/login_service.go:39","msg":"Get param"}
{"level":"INFO","time":"2023-01-03T18:25:07.878+0800","caller":"login.service.v1/login_service.go:39","msg":"Get param"}
{"level":"DEBUG","time":"2023-01-03T18:25:07.879+0800","caller":"login.service.v1/login_service.go:43","msg":"Get param3"}
{"level":"INFO","time":"2023-01-03T18:36:20.367+0800","caller":"user/user.go:41","msg":"Get param"}
{"level":"INFO","time":"2023-01-03T18:36:20.367+0800","caller":"user/user.go:41","msg":"Get param"}
{"level":"DEBUG","time":"2023-01-03T18:36:20.367+0800","caller":"user/user.go:45","msg":"Get param uid : 3"}
{"level":"INFO","time":"2023-01-03T18:36:20.369+0800","caller":"login.service.v1/login_service.go:39","msg":"Get param"}
{"level":"INFO","time":"2023-01-03T18:36:20.369+0800","caller":"login.service.v1/login_service.go:39","msg":"Get param"}
{"level":"DEBUG","time":"2023-01-03T18:36:20.369+0800","caller":"login.service.v1/login_service.go:43","msg":"Get param3"}
{"level":"INFO","time":"2023-01-03T18:36:32.456+0800","caller":"user/user.go:41","msg":"Get param"}
{"level":"INFO","time":"2023-01-03T18:36:32.456+0800","caller":"user/user.go:41","msg":"Get param"}
{"level":"DEBUG","time":"2023-01-03T18:36:32.457+0800","caller":"user/user.go:45","msg":"Get param uid : 3"}
{"level":"INFO","time":"2023-01-03T18:36:32.458+0800","caller":"login.service.v1/login_service.go:39","msg":"Get param"}
{"level":"INFO","time":"2023-01-03T18:36:32.458+0800","caller":"login.service.v1/login_service.go:39","msg":"Get param"}
{"level":"DEBUG","time":"2023-01-03T18:36:32.458+0800","caller":"login.service.v1/login_service.go:43","msg":"Get param3"}
{"level":"DEBUG","time":"2023-01-03T18:37:08.336+0800","caller":"router/router.go:55","msg":"grpc:127.0.0.1:8881"}
{"level":"INFO","time":"2023-01-03T18:37:46.637+0800","caller":"user/user.go:41","msg":"Get param"}
{"level":"INFO","time":"2023-01-03T18:37:46.637+0800","caller":"user/user.go:41","msg":"Get param"}
{"level":"DEBUG","time":"2023-01-03T18:37:46.639+0800","caller":"user/user.go:45","msg":"Get param uid : 3"}
{"level":"INFO","time":"2023-01-03T18:37:46.642+0800","caller":"login.service.v1/login_service.go:39","msg":"Get param"}
{"level":"INFO","time":"2023-01-03T18:37:46.642+0800","caller":"login.service.v1/login_service.go:39","msg":"Get param"}
{"level":"DEBUG","time":"2023-01-03T18:37:46.642+0800","caller":"login.service.v1/login_service.go:43","msg":"Get param3"}
{"level":"INFO","time":"2023-01-03T18:38:06.261+0800","caller":"user/user.go:41","msg":"Get param"}
{"level":"INFO","time":"2023-01-03T18:38:06.261+0800","caller":"user/user.go:41","msg":"Get param"}
{"level":"DEBUG","time":"2023-01-03T18:38:06.261+0800","caller":"user/user.go:45","msg":"Get param uid : 3"}
{"level":"INFO","time":"2023-01-03T18:38:06.263+0800","caller":"login.service.v1/login_service.go:39","msg":"Get param"}
{"level":"INFO","time":"2023-01-03T18:38:06.263+0800","caller":"login.service.v1/login_service.go:39","msg":"Get param"}
{"level":"DEBUG","time":"2023-01-03T18:38:06.264+0800","caller":"login.service.v1/login_service.go:43","msg":"Get param3"}
{"level":"INFO","time":"2023-01-03T18:59:28.052+0800","caller":"user/user.go:41","msg":"Get param"}
{"level":"INFO","time":"2023-01-03T18:59:28.052+0800","caller":"user/user.go:41","msg":"Get param"}
{"level":"DEBUG","time":"2023-01-03T18:59:28.053+0800","caller":"user/user.go:45","msg":"Get param uid : 3"}
{"level":"INFO","time":"2023-01-03T18:59:28.055+0800","caller":"login.service.v1/login_service.go:39","msg":"Get param"}
{"level":"INFO","time":"2023-01-03T18:59:28.055+0800","caller":"login.service.v1/login_service.go:39","msg":"Get param"}
{"level":"DEBUG","time":"2023-01-03T18:59:28.055+0800","caller":"login.service.v1/login_service.go:43","msg":"Get param3"}
{"level":"DEBUG","time":"2023-01-03T21:01:43.207+0800","caller":"router/router.go:55","msg":"grpc:127.0.0.1:8881"}
{"level":"DEBUG","time":"2023-01-03T21:02:57.628+0800","caller":"router/router.go:55","msg":"grpc:127.0.0.1:8881"}
{"level":"DEBUG","time":"2023-01-03T22:36:21.486+0800","caller":"router/router.go:55","msg":"grpc:127.0.0.1:8881"}
{"level":"DEBUG","time":"2023-01-03T22:37:14.307+0800","caller":"router/router.go:55","msg":"grpc:127.0.0.1:8881"}
{"level":"DEBUG","time":"2023-01-03T22:38:33.519+0800","caller":"router/router.go:55","msg":"grpc:127.0.0.1:8881"}
{"level":"DEBUG","time":"2023-01-03T23:04:22.381+0800","caller":"router/router.go:58","msg":"grpc:127.0.0.1:8881"}
{"level":"DEBUG","time":"2023-01-03T23:05:18.388+0800","caller":"router/router.go:58","msg":"grpc:127.0.0.1:8881"}
{"level":"DEBUG","time":"2023-01-03T23:06:33.364+0800","caller":"router/router.go:58","msg":"grpc:127.0.0.1:8881"}
{"level":"DEBUG","time":"2023-01-03T23:08:02.721+0800","caller":"router/router.go:58","msg":"grpc:127.0.0.1:8881"}
{"level":"DEBUG","time":"2023-01-03T23:09:07.257+0800","caller":"router/router.go:58","msg":"grpc:127.0.0.1:8881"}
{"level":"DEBUG","time":"2023-01-03T23:09:56.468+0800","caller":"router/router.go:58","msg":"grpc:127.0.0.1:8881"}
{"level":"DEBUG","time":"2023-01-03T23:17:11.001+0800","caller":"router/router.go:58","msg":"grpc:127.0.0.1:8881"}
{"level":"DEBUG","time":"2023-01-03T23:17:53.926+0800","caller":"router/router.go:58","msg":"grpc:127.0.0.1:8881"}
{"level":"DEBUG","time":"2023-01-03T23:19:47.127+0800","caller":"router/router.go:58","msg":"grpc:127.0.0.1:8881"}
{"level":"DEBUG","time":"2023-01-03T23:20:50.367+0800","caller":"router/router.go:58","msg":"grpc:127.0.0.1:8881"}
{"level":"DEBUG","time":"2023-01-03T23:23:42.684+0800","caller":"router/router.go:58","msg":"grpc:127.0.0.1:8881"}
{"level":"DEBUG","time":"2023-01-03T23:26:17.287+0800","caller":"router/router.go:58","msg":"grpc:127.0.0.1:8881"}
{"level":"DEBUG","time":"2023-01-03T23:27:27.058+0800","caller":"router/router.go:58","msg":"grpc:127.0.0.1:8881"}
{"level":"DEBUG","time":"2023-01-03T23:28:39.204+0800","caller":"router/router.go:58","msg":"grpc:127.0.0.1:8881"}
{"level":"DEBUG","time":"2023-01-03T23:30:22.896+0800","caller":"router/router.go:58","msg":"grpc:127.0.0.1:8881"}
{"level":"DEBUG","time":"2023-01-03T23:31:56.286+0800","caller":"router/router.go:58","msg":"grpc:127.0.0.1:8881"}
{"level":"INFO","time":"2023-01-03T23:33:34.923+0800","caller":"user/user.go:41","msg":"Get param"}
{"level":"INFO","time":"2023-01-03T23:33:34.923+0800","caller":"user/user.go:41","msg":"Get param"}
{"level":"DEBUG","time":"2023-01-03T23:33:34.924+0800","caller":"user/user.go:45","msg":"Get param uid : 3"}
{"level":"INFO","time":"2023-01-03T23:33:34.926+0800","caller":"login.service.v1/login_service.go:39","msg":"Get param"}
{"level":"INFO","time":"2023-01-03T23:33:34.926+0800","caller":"login.service.v1/login_service.go:39","msg":"Get param"}
{"level":"DEBUG","time":"2023-01-03T23:33:34.926+0800","caller":"login.service.v1/login_service.go:43","msg":"Get param3"}
{"level":"DEBUG","time":"2023-01-04T11:56:39.154+0800","caller":"router/router.go:57","msg":"grpc:127.0.0.1:8881"}
{"level":"DEBUG","time":"2023-01-04T11:58:32.679+0800","caller":"router/router.go:57","msg":"grpc:127.0.0.1:8881"}
{"level":"INFO","time":"2023-01-04T11:58:57.830+0800","caller":"search/star.go:39","msg":"Get param"}
{"level":"INFO","time":"2023-01-04T11:58:57.830+0800","caller":"search/star.go:39","msg":"Get param"}
{"level":"INFO","time":"2023-01-04T11:59:18.546+0800","caller":"search/star.go:39","msg":"Get param"}
{"level":"INFO","time":"2023-01-04T11:59:18.546+0800","caller":"search/star.go:39","msg":"Get param"}
{"level":"INFO","time":"2023-01-04T11:59:21.041+0800","caller":"search/star.go:39","msg":"Get param"}
{"level":"INFO","time":"2023-01-04T11:59:21.041+0800","caller":"search/star.go:39","msg":"Get param"}
{"level":"INFO","time":"2023-01-04T11:59:22.662+0800","caller":"search/star.go:39","msg":"Get param"}
{"level":"INFO","time":"2023-01-04T11:59:22.662+0800","caller":"search/star.go:39","msg":"Get param"}
{"level":"DEBUG","time":"2023-01-04T12:00:20.065+0800","caller":"router/router.go:57","msg":"grpc:127.0.0.1:8881"}
{"level":"INFO","time":"2023-01-04T12:00:34.863+0800","caller":"search/star.go:40","msg":"Get param"}
{"level":"INFO","time":"2023-01-04T12:00:34.863+0800","caller":"search/star.go:40","msg":"Get param"}
{"level":"INFO","time":"2023-01-04T12:01:00.412+0800","caller":"search/star.go:40","msg":"Get param"}
{"level":"INFO","time":"2023-01-04T12:01:00.412+0800","caller":"search/star.go:40","msg":"Get param"}
{"level":"DEBUG","time":"2023-01-04T12:01:44.378+0800","caller":"router/router.go:57","msg":"grpc:127.0.0.1:8881"}
{"level":"INFO","time":"2023-01-04T12:02:20.768+0800","caller":"search/star.go:40","msg":"Get param"}
{"level":"INFO","time":"2023-01-04T12:02:20.768+0800","caller":"search/star.go:40","msg":"Get param"}
{"level":"DEBUG","time":"2023-01-04T12:03:39.035+0800","caller":"router/router.go:57","msg":"grpc:127.0.0.1:8881"}
{"level":"INFO","time":"2023-01-04T12:03:42.021+0800","caller":"search/star.go:40","msg":"Get param"}
{"level":"INFO","time":"2023-01-04T12:03:42.021+0800","caller":"search/star.go:40","msg":"Get param"}
{"level":"INFO","time":"2023-01-04T12:03:55.526+0800","caller":"search/star.go:40","msg":"Get param"}
{"level":"INFO","time":"2023-01-04T12:03:55.526+0800","caller":"search/star.go:40","msg":"Get param"}
{"level":"INFO","time":"2023-01-04T12:03:58.589+0800","caller":"search/star.go:40","msg":"Get param"}
{"level":"INFO","time":"2023-01-04T12:03:58.589+0800","caller":"search/star.go:40","msg":"Get param"}
{"level":"INFO","time":"2023-01-04T12:04:03.817+0800","caller":"search/star.go:40","msg":"Get param"}
{"level":"INFO","time":"2023-01-04T12:04:03.817+0800","caller":"search/star.go:40","msg":"Get param"}
{"level":"INFO","time":"2023-01-04T12:04:07.343+0800","caller":"search/star.go:40","msg":"Get param"}
{"level":"INFO","time":"2023-01-04T12:04:07.343+0800","caller":"search/star.go:40","msg":"Get param"}
{"level":"INFO","time":"2023-01-04T12:04:10.068+0800","caller":"search/star.go:40","msg":"Get param"}
{"level":"INFO","time":"2023-01-04T12:04:10.068+0800","caller":"search/star.go:40","msg":"Get param"}
{"level":"DEBUG","time":"2023-01-04T12:06:21.237+0800","caller":"router/router.go:58","msg":"grpc:127.0.0.1:8881"}
{"level":"DEBUG","time":"2023-01-04T12:08:28.310+0800","caller":"router/router.go:58","msg":"grpc:127.0.0.1:8881"}
{"level":"INFO","time":"2023-01-04T12:10:48.995+0800","caller":"search/star.go:40","msg":"Get param"}
{"level":"INFO","time":"2023-01-04T12:10:48.995+0800","caller":"search/star.go:40","msg":"Get param"}
{"level":"DEBUG","time":"2023-01-04T12:12:23.886+0800","caller":"router/router.go:57","msg":"grpc:127.0.0.1:8881"}
{"level":"INFO","time":"2023-01-04T12:12:30.081+0800","caller":"search/star.go:40","msg":"Get param"}
{"level":"INFO","time":"2023-01-04T12:12:30.081+0800","caller":"search/star.go:40","msg":"Get param"}
{"level":"DEBUG","time":"2023-01-04T12:13:27.072+0800","caller":"router/router.go:57","msg":"grpc:127.0.0.1:8881"}
{"level":"INFO","time":"2023-01-04T12:13:32.291+0800","caller":"search/star.go:40","msg":"Get param"}
{"level":"INFO","time":"2023-01-04T12:13:32.291+0800","caller":"search/star.go:40","msg":"Get param"}
{"level":"DEBUG","time":"2023-01-04T12:14:12.805+0800","caller":"router/router.go:57","msg":"grpc:127.0.0.1:8881"}
{"level":"INFO","time":"2023-01-04T12:14:16.412+0800","caller":"search/star.go:40","msg":"Get param"}
{"level":"INFO","time":"2023-01-04T12:14:16.412+0800","caller":"search/star.go:40","msg":"Get param"}
{"level":"DEBUG","time":"2023-01-04T12:15:03.025+0800","caller":"router/router.go:57","msg":"grpc:127.0.0.1:8881"}
{"level":"INFO","time":"2023-01-04T12:15:05.514+0800","caller":"search/star.go:40","msg":"Get param"}
{"level":"INFO","time":"2023-01-04T12:15:05.514+0800","caller":"search/star.go:40","msg":"Get param"}
{"level":"DEBUG","time":"2023-01-04T12:18:33.469+0800","caller":"router/router.go:57","msg":"grpc:127.0.0.1:8881"}
{"level":"INFO","time":"2023-01-04T12:18:36.630+0800","caller":"search/star.go:40","msg":"Get param"}
{"level":"INFO","time":"2023-01-04T12:18:36.630+0800","caller":"search/star.go:40","msg":"Get param"}
{"level":"DEBUG","time":"2023-01-04T12:21:33.264+0800","caller":"router/router.go:57","msg":"grpc:127.0.0.1:8881"}
{"level":"INFO","time":"2023-01-04T12:21:36.332+0800","caller":"search/star.go:40","msg":"Get param"}
{"level":"INFO","time":"2023-01-04T12:21:36.332+0800","caller":"search/star.go:40","msg":"Get param"}
{"level":"DEBUG","time":"2023-01-04T12:25:50.532+0800","caller":"router/router.go:57","msg":"grpc:127.0.0.1:8881"}
{"level":"INFO","time":"2023-01-04T12:27:11.196+0800","caller":"search/star.go:40","msg":"Get param"}
{"level":"INFO","time":"2023-01-04T12:27:11.196+0800","caller":"search/star.go:40","msg":"Get param"}
{"level":"INFO","time":"2023-01-04T12:27:36.435+0800","caller":"search/star.go:40","msg":"Get param"}
{"level":"INFO","time":"2023-01-04T12:27:36.435+0800","caller":"search/star.go:40","msg":"Get param"}
{"level":"INFO","time":"2023-01-04T12:29:09.397+0800","caller":"search/star.go:40","msg":"Get param"}
{"level":"INFO","time":"2023-01-04T12:29:09.397+0800","caller":"search/star.go:40","msg":"Get param"}
{"level":"INFO","time":"2023-01-04T12:29:10.870+0800","caller":"search/star.go:40","msg":"Get param"}
{"level":"INFO","time":"2023-01-04T12:29:10.870+0800","caller":"search/star.go:40","msg":"Get param"}
{"level":"INFO","time":"2023-01-04T12:29:11.194+0800","caller":"search/star.go:40","msg":"Get param"}
{"level":"INFO","time":"2023-01-04T12:29:11.194+0800","caller":"search/star.go:40","msg":"Get param"}
{"level":"DEBUG","time":"2023-01-04T12:59:07.440+0800","caller":"router/router.go:57","msg":"grpc:127.0.0.1:8881"}
{"level":"DEBUG","time":"2023-01-04T13:00:20.063+0800","caller":"router/router.go:57","msg":"grpc:127.0.0.1:8881"}
{"level":"INFO","time":"2023-01-04T13:00:35.163+0800","caller":"search/news.go:40","msg":"Get param"}
{"level":"INFO","time":"2023-01-04T13:00:35.163+0800","caller":"search/news.go:40","msg":"Get param"}
{"level":"INFO","time":"2023-01-04T13:00:37.392+0800","caller":"search/news.go:40","msg":"Get param"}
{"level":"INFO","time":"2023-01-04T13:00:37.392+0800","caller":"search/news.go:40","msg":"Get param"}
{"level":"DEBUG","time":"2023-01-04T13:01:30.888+0800","caller":"router/router.go:57","msg":"grpc:127.0.0.1:8881"}
{"level":"INFO","time":"2023-01-04T13:02:23.743+0800","caller":"search/news.go:40","msg":"Get param"}
{"level":"INFO","time":"2023-01-04T13:02:23.743+0800","caller":"search/news.go:40","msg":"Get param"}
{"level":"INFO","time":"2023-01-04T13:02:32.098+0800","caller":"search/news.go:40","msg":"Get param"}
{"level":"INFO","time":"2023-01-04T13:02:32.098+0800","caller":"search/news.go:40","msg":"Get param"}
{"level":"INFO","time":"2023-01-04T13:02:37.201+0800","caller":"search/news.go:40","msg":"Get param"}
{"level":"INFO","time":"2023-01-04T13:02:37.201+0800","caller":"search/news.go:40","msg":"Get param"}
{"level":"INFO","time":"2023-01-04T13:02:39.449+0800","caller":"search/news.go:40","msg":"Get param"}
{"level":"INFO","time":"2023-01-04T13:02:39.449+0800","caller":"search/news.go:40","msg":"Get param"}
{"level":"INFO","time":"2023-01-04T13:02:46.395+0800","caller":"search/news.go:40","msg":"Get param"}
{"level":"INFO","time":"2023-01-04T13:02:46.395+0800","caller":"search/news.go:40","msg":"Get param"}
{"level":"INFO","time":"2023-01-04T13:02:46.617+0800","caller":"search/news.go:40","msg":"Get param"}
{"level":"INFO","time":"2023-01-04T13:02:46.617+0800","caller":"search/news.go:40","msg":"Get param"}
{"level":"INFO","time":"2023-01-04T13:02:46.809+0800","caller":"search/news.go:40","msg":"Get param"}
{"level":"INFO","time":"2023-01-04T13:02:46.809+0800","caller":"search/news.go:40","msg":"Get param"}
{"level":"INFO","time":"2023-01-04T13:02:47.181+0800","caller":"search/news.go:40","msg":"Get param"}
{"level":"INFO","time":"2023-01-04T13:02:47.181+0800","caller":"search/news.go:40","msg":"Get param"}
{"level":"INFO","time":"2023-01-04T13:08:14.935+0800","caller":"search/news.go:40","msg":"Get param"}
{"level":"INFO","time":"2023-01-04T13:08:14.935+0800","caller":"search/news.go:40","msg":"Get param"}
{"level":"INFO","time":"2023-01-04T13:08:18.166+0800","caller":"search/news.go:40","msg":"Get param"}
{"level":"INFO","time":"2023-01-04T13:08:18.166+0800","caller":"search/news.go:40","msg":"Get param"}
{"level":"INFO","time":"2023-01-04T13:08:18.909+0800","caller":"search/news.go:40","msg":"Get param"}
{"level":"INFO","time":"2023-01-04T13:08:18.909+0800","caller":"search/news.go:40","msg":"Get param"}
{"level":"INFO","time":"2023-01-04T13:08:19.198+0800","caller":"search/news.go:40","msg":"Get param"}
{"level":"INFO","time":"2023-01-04T13:08:19.198+0800","caller":"search/news.go:40","msg":"Get param"}
{"level":"INFO","time":"2023-01-04T13:08:20.253+0800","caller":"search/news.go:40","msg":"Get param"}
{"level":"INFO","time":"2023-01-04T13:08:20.253+0800","caller":"search/news.go:40","msg":"Get param"}
{"level":"INFO","time":"2023-01-04T13:08:21.060+0800","caller":"search/news.go:40","msg":"Get param"}
{"level":"INFO","time":"2023-01-04T13:08:21.060+0800","caller":"search/news.go:40","msg":"Get param"}
{"level":"INFO","time":"2023-01-04T13:08:22.684+0800","caller":"search/news.go:40","msg":"Get param"}
{"level":"INFO","time":"2023-01-04T13:08:22.684+0800","caller":"search/news.go:40","msg":"Get param"}
{"level":"INFO","time":"2023-01-04T13:08:22.997+0800","caller":"search/news.go:40","msg":"Get param"}
{"level":"INFO","time":"2023-01-04T13:08:22.997+0800","caller":"search/news.go:40","msg":"Get param"}
{"level":"DEBUG","time":"2023-01-04T13:56:25.471+0800","caller":"router/router.go:57","msg":"grpc:127.0.0.1:8881"}
{"level":"DEBUG","time":"2023-01-04T13:59:05.942+0800","caller":"router/router.go:57","msg":"grpc:127.0.0.1:8881"}
{"level":"DEBUG","time":"2023-01-04T14:01:58.081+0800","caller":"router/router.go:57","msg":"grpc:127.0.0.1:8881"}
{"level":"DEBUG","time":"2023-01-04T14:04:18.238+0800","caller":"router/router.go:57","msg":"grpc:127.0.0.1:8881"}
{"level":"DEBUG","time":"2023-01-04T14:06:04.786+0800","caller":"router/router.go:57","msg":"grpc:127.0.0.1:8881"}
{"level":"INFO","time":"2023-01-04T18:04:00.822+0800","caller":"dao/kafka.go:43","msg":"Producer closed, err:","error":"kafka: invalid configuration (Producer.Return.Errors must be true to be used in a SyncProducer)"}
{"level":"INFO","time":"2023-01-04T18:04:00.822+0800","caller":"dao/kafka.go:43","msg":"Producer closed, err:","error":"kafka: invalid configuration (Producer.Return.Errors must be true to be used in a SyncProducer)"}
{"level":"INFO","time":"2023-01-04T18:10:22.878+0800","caller":"dao/kafka.go:43","msg":"Producer closed, err:","error":"kafka: invalid configuration (Producer.Return.Errors must be true to be used in a SyncProducer)"}
{"level":"INFO","time":"2023-01-04T18:10:22.878+0800","caller":"dao/kafka.go:43","msg":"Producer closed, err:","error":"kafka: invalid configuration (Producer.Return.Errors must be true to be used in a SyncProducer)"}
{"level":"INFO","time":"2023-01-04T19:01:09.835+0800","caller":"dao/kafka.go:56","msg":"send msg failed, err:","error":"dial tcp: lookup manager: no such host"}
{"level":"INFO","time":"2023-01-04T19:01:09.835+0800","caller":"dao/kafka.go:56","msg":"send msg failed, err:","error":"dial tcp: lookup manager: no such host"}
{"level":"INFO","time":"2023-01-04T19:03:07.463+0800","caller":"dao/kafka.go:56","msg":"send msg failed, err:","error":"dial tcp: lookup manager: no such host"}
{"level":"INFO","time":"2023-01-04T19:03:07.463+0800","caller":"dao/kafka.go:56","msg":"send msg failed, err:","error":"dial tcp: lookup manager: no such host"}
{"level":"INFO","time":"2023-01-04T19:06:27.818+0800","caller":"dao/kafka.go:56","msg":"send msg failed, err:","error":"dial tcp: lookup manager: no such host"}
{"level":"INFO","time":"2023-01-04T19:06:27.818+0800","caller":"dao/kafka.go:56","msg":"send msg failed, err:","error":"dial tcp: lookup manager: no such host"}
{"level":"INFO","time":"2023-01-04T19:10:02.916+0800","caller":"dao/kafka.go:56","msg":"send msg failed, err:","error":"dial tcp: lookup manager: no such host"}
{"level":"INFO","time":"2023-01-04T19:10:02.916+0800","caller":"dao/kafka.go:56","msg":"send msg failed, err:","error":"dial tcp: lookup manager: no such host"}
{"level":"DEBUG","time":"2023-01-05T08:54:30.420+0800","caller":"router/router.go:58","msg":"grpc:127.0.0.1:8881"}
{"level":"DEBUG","time":"2023-01-05T09:32:30.775+0800","caller":"router/router.go:58","msg":"grpc:127.0.0.1:8881"}
{"level":"DEBUG","time":"2023-01-05T09:45:21.101+0800","caller":"router/router.go:58","msg":"grpc:127.0.0.1:8881"}
{"level":"DEBUG","time":"2023-01-05T09:56:30.818+0800","caller":"router/router.go:58","msg":"grpc:127.0.0.1:8881"}
{"level":"DEBUG","time":"2023-01-05T09:58:40.833+0800","caller":"router/router.go:58","msg":"grpc:127.0.0.1:8881"}
{"level":"DEBUG","time":"2023-01-05T09:59:15.623+0800","caller":"middleware/sentinel.go:10","msg":"/user/login"}
{"level":"DEBUG","time":"2023-01-05T10:00:33.428+0800","caller":"router/router.go:58","msg":"grpc:127.0.0.1:8881"}
{"level":"DEBUG","time":"2023-01-05T10:00:37.787+0800","caller":"middleware/sentinel.go:10","msg":"/user/login"}
{"level":"DEBUG","time":"2023-01-05T10:00:38.167+0800","caller":"middleware/sentinel.go:10","msg":"/user/login"}
{"level":"DEBUG","time":"2023-01-05T10:01:24.405+0800","caller":"router/router.go:58","msg":"grpc:127.0.0.1:8881"}
{"level":"DEBUG","time":"2023-01-05T10:01:31.717+0800","caller":"middleware/sentinel.go:10","msg":"/user/auth"}
{"level":"DEBUG","time":"2023-01-05T10:01:32.359+0800","caller":"middleware/sentinel.go:10","msg":"/user/auth"}
{"level":"DEBUG","time":"2023-01-05T10:01:37.781+0800","caller":"middleware/sentinel.go:10","msg":"/user/auth"}
{"level":"DEBUG","time":"2023-01-05T10:01:38.157+0800","caller":"middleware/sentinel.go:10","msg":"/user/auth"}
{"level":"DEBUG","time":"2023-01-05T10:01:44.083+0800","caller":"middleware/sentinel.go:10","msg":"/user/login"}
{"level":"DEBUG","time":"2023-01-05T10:01:44.258+0800","caller":"middleware/sentinel.go:10","msg":"/user/login"}
{"level":"DEBUG","time":"2023-01-05T10:03:08.082+0800","caller":"router/router.go:58","msg":"grpc:127.0.0.1:8881"}
{"level":"DEBUG","time":"2023-01-05T10:03:13.098+0800","caller":"middleware/sentinel.go:10","msg":"/user/login"}
{"level":"DEBUG","time":"2023-01-05T10:03:13.246+0800","caller":"middleware/sentinel.go:10","msg":"/user/login"}
{"level":"DEBUG","time":"2023-01-05T10:03:20.915+0800","caller":"middleware/sentinel.go:10","msg":"/user/auth"}
{"level":"DEBUG","time":"2023-01-05T10:03:21.352+0800","caller":"middleware/sentinel.go:10","msg":"/user/auth"}
{"level":"DEBUG","time":"2023-01-05T10:05:14.900+0800","caller":"router/router.go:58","msg":"grpc:127.0.0.1:8881"}
{"level":"DEBUG","time":"2023-01-05T10:05:40.296+0800","caller":"middleware/sentinel.go:10","msg":"/user/auth"}
{"level":"DEBUG","time":"2023-01-05T10:05:40.698+0800","caller":"middleware/sentinel.go:10","msg":"/user/auth"}
{"level":"DEBUG","time":"2023-01-05T10:05:51.819+0800","caller":"middleware/sentinel.go:10","msg":"/user/login"}
{"level":"DEBUG","time":"2023-01-05T10:05:52.204+0800","caller":"middleware/sentinel.go:10","msg":"/user/login"}
{"level":"DEBUG","time":"2023-01-05T10:07:16.688+0800","caller":"router/router.go:58","msg":"grpc:127.0.0.1:8881"}
{"level":"DEBUG","time":"2023-01-05T10:07:19.964+0800","caller":"middleware/sentinel.go:10","msg":"/user/login"}
{"level":"DEBUG","time":"2023-01-05T10:07:19.964+0800","caller":"middleware/sentinel.go:11","msg":"hao"}
{"level":"DEBUG","time":"2023-01-05T10:07:29.912+0800","caller":"middleware/sentinel.go:10","msg":"/user/auth"}
{"level":"DEBUG","time":"2023-01-05T10:07:29.914+0800","caller":"middleware/sentinel.go:11","msg":"hao"}
{"level":"DEBUG","time":"2023-01-05T10:07:39.041+0800","caller":"middleware/sentinel.go:10","msg":"/user/auth"}
{"level":"DEBUG","time":"2023-01-05T10:07:39.041+0800","caller":"middleware/sentinel.go:11","msg":"hao"}
{"level":"DEBUG","time":"2023-01-05T10:07:52.217+0800","caller":"middleware/sentinel.go:10","msg":"/user/auth"}
{"level":"DEBUG","time":"2023-01-05T10:07:52.218+0800","caller":"middleware/sentinel.go:11","msg":"hao"}
{"level":"DEBUG","time":"2023-01-05T10:08:05.170+0800","caller":"middleware/sentinel.go:10","msg":"/user/auth"}
{"level":"DEBUG","time":"2023-01-05T10:08:05.170+0800","caller":"middleware/sentinel.go:11","msg":""}
{"level":"DEBUG","time":"2023-01-05T10:08:14.022+0800","caller":"middleware/sentinel.go:10","msg":"/user/auth"}
{"level":"DEBUG","time":"2023-01-05T10:08:14.024+0800","caller":"middleware/sentinel.go:11","msg":""}
{"level":"DEBUG","time":"2023-01-05T10:14:08.964+0800","caller":"router/router.go:58","msg":"grpc:127.0.0.1:8881"}
{"level":"DEBUG","time":"2023-01-05T10:14:14.741+0800","caller":"middleware/sentinel.go:32","msg":"/user/auth"}
{"level":"DEBUG","time":"2023-01-05T10:14:14.742+0800","caller":"middleware/sentinel.go:33","msg":"hao"}
{"level":"DEBUG","time":"2023-01-05T10:14:15.871+0800","caller":"middleware/sentinel.go:32","msg":"/user/auth"}
{"level":"DEBUG","time":"2023-01-05T10:14:15.871+0800","caller":"middleware/sentinel.go:33","msg":"hao"}
{"level":"DEBUG","time":"2023-01-05T10:14:20.657+0800","caller":"middleware/sentinel.go:32","msg":"/user/auth"}
{"level":"DEBUG","time":"2023-01-05T10:14:20.657+0800","caller":"middleware/sentinel.go:33","msg":"hao"}
{"level":"DEBUG","time":"2023-01-05T10:14:20.975+0800","caller":"middleware/sentinel.go:32","msg":"/user/auth"}
{"level":"DEBUG","time":"2023-01-05T10:14:20.975+0800","caller":"middleware/sentinel.go:33","msg":"hao"}
{"level":"DEBUG","time":"2023-01-05T10:14:24.535+0800","caller":"middleware/sentinel.go:32","msg":"/user/auth"}
{"level":"DEBUG","time":"2023-01-05T10:14:24.536+0800","caller":"middleware/sentinel.go:33","msg":"hao"}
{"level":"DEBUG","time":"2023-01-05T10:14:24.915+0800","caller":"middleware/sentinel.go:32","msg":"/user/auth"}
{"level":"DEBUG","time":"2023-01-05T10:14:24.917+0800","caller":"middleware/sentinel.go:33","msg":"hao"}
{"level":"DEBUG","time":"2023-01-05T10:14:28.228+0800","caller":"middleware/sentinel.go:32","msg":"/user/login"}
{"level":"DEBUG","time":"2023-01-05T10:14:28.228+0800","caller":"middleware/sentinel.go:33","msg":"hao"}
{"level":"DEBUG","time":"2023-01-05T10:14:28.580+0800","caller":"middleware/sentinel.go:32","msg":"/user/login"}
{"level":"DEBUG","time":"2023-01-05T10:14:28.581+0800","caller":"middleware/sentinel.go:33","msg":"hao"}
{"level":"DEBUG","time":"2023-01-05T10:14:34.168+0800","caller":"middleware/sentinel.go:32","msg":"/user/login"}
{"level":"DEBUG","time":"2023-01-05T10:14:34.169+0800","caller":"middleware/sentinel.go:33","msg":"hao"}
{"level":"DEBUG","time":"2023-01-05T10:20:14.137+0800","caller":"router/router.go:58","msg":"grpc:127.0.0.1:8881"}
{"level":"DEBUG","time":"2023-01-05T10:20:44.470+0800","caller":"middleware/sentinel.go:32","msg":"/user/login"}
{"level":"DEBUG","time":"2023-01-05T10:20:44.497+0800","caller":"middleware/sentinel.go:33","msg":"hao"}
{"level":"DEBUG","time":"2023-01-05T10:20:50.069+0800","caller":"middleware/sentinel.go:32","msg":"/user/login"}
{"level":"DEBUG","time":"2023-01-05T10:20:50.069+0800","caller":"middleware/sentinel.go:33","msg":"hao"}
{"level":"DEBUG","time":"2023-01-05T10:20:50.266+0800","caller":"middleware/sentinel.go:32","msg":"/user/login"}
{"level":"DEBUG","time":"2023-01-05T10:20:50.267+0800","caller":"middleware/sentinel.go:33","msg":"hao"}
{"level":"DEBUG","time":"2023-01-05T10:20:55.156+0800","caller":"middleware/sentinel.go:32","msg":"/user/auth"}
{"level":"DEBUG","time":"2023-01-05T10:20:55.156+0800","caller":"middleware/sentinel.go:33","msg":"hao"}
{"level":"DEBUG","time":"2023-01-05T10:20:57.556+0800","caller":"middleware/sentinel.go:32","msg":"/user/auth"}
{"level":"DEBUG","time":"2023-01-05T10:20:57.556+0800","caller":"middleware/sentinel.go:33","msg":"hao"}
{"level":"DEBUG","time":"2023-01-05T10:24:36.688+0800","caller":"router/router.go:58","msg":"grpc:127.0.0.1:8881"}
{"level":"DEBUG","time":"2023-01-05T10:24:58.520+0800","caller":"middleware/sentinel.go:32","msg":"/user/auth"}
{"level":"DEBUG","time":"2023-01-05T10:24:58.522+0800","caller":"middleware/sentinel.go:33","msg":"hao"}
{"level":"DEBUG","time":"2023-01-05T10:25:03.775+0800","caller":"middleware/sentinel.go:32","msg":"/user/auth"}
{"level":"DEBUG","time":"2023-01-05T10:25:03.776+0800","caller":"middleware/sentinel.go:33","msg":"hao"}
{"level":"DEBUG","time":"2023-01-05T10:25:06.471+0800","caller":"middleware/sentinel.go:32","msg":"/user/auth"}
{"level":"DEBUG","time":"2023-01-05T10:25:06.472+0800","caller":"middleware/sentinel.go:33","msg":"hao"}
{"level":"DEBUG","time":"2023-01-05T10:25:06.738+0800","caller":"middleware/sentinel.go:32","msg":"/user/auth"}
{"level":"DEBUG","time":"2023-01-05T10:25:06.739+0800","caller":"middleware/sentinel.go:33","msg":"hao"}
{"level":"DEBUG","time":"2023-01-05T10:25:19.123+0800","caller":"middleware/sentinel.go:32","msg":"/user/login"}
{"level":"DEBUG","time":"2023-01-05T10:25:19.123+0800","caller":"middleware/sentinel.go:33","msg":"hao"}
{"level":"DEBUG","time":"2023-01-09T13:55:18.406+0800","caller":"router/router.go:58","msg":"grpc:127.0.0.1:8881"}
{"level":"DEBUG","time":"2023-01-09T13:56:05.069+0800","caller":"router/router.go:58","msg":"grpc:127.0.0.1:8881"}
{"level":"DEBUG","time":"2023-01-09T13:57:46.895+0800","caller":"middleware/sentinel.go:32","msg":"/user/login"}
{"level":"DEBUG","time":"2023-01-09T13:57:46.896+0800","caller":"middleware/sentinel.go:33","msg":"testupdate9727887"}
{"level":"DEBUG","time":"2023-01-09T13:58:03.214+0800","caller":"middleware/sentinel.go:32","msg":"/user/auth"}
{"level":"DEBUG","time":"2023-01-09T13:58:03.215+0800","caller":"middleware/sentinel.go:33","msg":"hao"}
{"level":"DEBUG","time":"2023-01-09T14:01:57.096+0800","caller":"router/router.go:57","msg":"grpc:127.0.0.1:8881"}
{"level":"INFO","time":"2023-01-09T14:03:13.711+0800","caller":"search/star.go:40","msg":"Get param"}
{"level":"INFO","time":"2023-01-09T14:03:13.711+0800","caller":"search/star.go:40","msg":"Get param"}
{"level":"INFO","time":"2023-01-09T14:03:13.858+0800","caller":"search/star.go:40","msg":"Get param"}
{"level":"INFO","time":"2023-01-09T14:03:13.858+0800","caller":"search/star.go:40","msg":"Get param"}
{"level":"INFO","time":"2023-01-09T14:03:14.082+0800","caller":"search/star.go:40","msg":"Get param"}
{"level":"INFO","time":"2023-01-09T14:03:14.082+0800","caller":"search/star.go:40","msg":"Get param"}
{"level":"INFO","time":"2023-01-09T14:03:19.737+0800","caller":"search/star.go:40","msg":"Get param"}
{"level":"INFO","time":"2023-01-09T14:03:19.737+0800","caller":"search/star.go:40","msg":"Get param"}
{"level":"INFO","time":"2023-01-09T14:03:27.745+0800","caller":"search/star.go:40","msg":"Get param"}
{"level":"INFO","time":"2023-01-09T14:03:27.745+0800","caller":"search/star.go:40","msg":"Get param"}
{"level":"INFO","time":"2023-01-09T14:07:13.578+0800","caller":"search/star.go:40","msg":"Get param"}
{"level":"INFO","time":"2023-01-09T14:07:13.578+0800","caller":"search/star.go:40","msg":"Get param"}
{"level":"DEBUG","time":"2023-01-09T14:21:49.199+0800","caller":"middleware/sentinel.go:32","msg":"/user/login"}
{"level":"DEBUG","time":"2023-01-09T14:21:49.200+0800","caller":"middleware/sentinel.go:33","msg":"testupdate9727887"}
{"level":"DEBUG","time":"2023-01-09T14:22:13.728+0800","caller":"router/router.go:57","msg":"grpc:127.0.0.1:8881"}
{"level":"DEBUG","time":"2023-01-09T14:25:48.809+0800","caller":"router/router.go:57","msg":"grpc:127.0.0.1:8881"}
{"level":"INFO","time":"2023-01-09T14:25:53.680+0800","caller":"search/star.go:40","msg":"Get param"}
{"level":"INFO","time":"2023-01-09T14:25:53.680+0800","caller":"search/star.go:40","msg":"Get param"}
{"level":"DEBUG","time":"2023-01-09T14:32:43.797+0800","caller":"router/router.go:57","msg":"grpc:127.0.0.1:8881"}
{"level":"INFO","time":"2023-01-09T14:32:52.935+0800","caller":"search/star.go:40","msg":"Get param"}
{"level":"INFO","time":"2023-01-09T14:32:52.935+0800","caller":"search/star.go:40","msg":"Get param"}
{"level":"INFO","time":"2023-01-09T14:33:30.833+0800","caller":"search/star.go:40","msg":"Get param"}
{"level":"INFO","time":"2023-01-09T14:33:30.833+0800","caller":"search/star.go:40","msg":"Get param"}
{"level":"INFO","time":"2023-01-09T14:33:31.225+0800","caller":"search/star.go:40","msg":"Get param"}
{"level":"INFO","time":"2023-01-09T14:33:31.225+0800","caller":"search/star.go:40","msg":"Get param"}
{"level":"INFO","time":"2023-01-09T14:33:32.752+0800","caller":"search/star.go:40","msg":"Get param"}
{"level":"INFO","time":"2023-01-09T14:33:32.752+0800","caller":"search/star.go:40","msg":"Get param"}
{"level":"INFO","time":"2023-01-09T14:33:32.909+0800","caller":"search/star.go:40","msg":"Get param"}
{"level":"INFO","time":"2023-01-09T14:33:32.909+0800","caller":"search/star.go:40","msg":"Get param"}
{"level":"INFO","time":"2023-01-09T14:33:33.111+0800","caller":"search/star.go:40","msg":"Get param"}
{"level":"INFO","time":"2023-01-09T14:33:33.111+0800","caller":"search/star.go:40","msg":"Get param"}
{"level":"DEBUG","time":"2023-01-09T14:33:35.254+0800","caller":"router/router.go:58","msg":"grpc:127.0.0.1:8882"}
{"level":"DEBUG","time":"2023-01-09T14:34:05.151+0800","caller":"middleware/sentinel.go:32","msg":"/user/login"}
{"level":"DEBUG","time":"2023-01-09T14:34:05.151+0800","caller":"middleware/sentinel.go:33","msg":"testupdate9727887"}
{"level":"DEBUG","time":"2023-01-09T14:34:11.839+0800","caller":"middleware/sentinel.go:32","msg":"/user/login"}
{"level":"DEBUG","time":"2023-01-09T14:34:11.839+0800","caller":"middleware/sentinel.go:33","msg":"testupdate9727887"}
{"level":"DEBUG","time":"2023-01-09T14:34:19.592+0800","caller":"middleware/sentinel.go:32","msg":"/user/login"}
{"level":"DEBUG","time":"2023-01-09T14:34:19.592+0800","caller":"middleware/sentinel.go:33","msg":"testupdate9727887"}
{"level":"DEBUG","time":"2023-01-09T14:34:20.041+0800","caller":"middleware/sentinel.go:32","msg":"/user/login"}
{"level":"DEBUG","time":"2023-01-09T14:34:20.041+0800","caller":"middleware/sentinel.go:33","msg":"testupdate9727887"}
{"level":"DEBUG","time":"2023-01-09T14:34:24.256+0800","caller":"middleware/sentinel.go:32","msg":"/user/login"}
{"level":"DEBUG","time":"2023-01-09T14:34:24.256+0800","caller":"middleware/sentinel.go:33","msg":"testupdate9727887"}
{"level":"DEBUG","time":"2023-01-09T14:34:24.605+0800","caller":"middleware/sentinel.go:32","msg":"/user/login"}
{"level":"DEBUG","time":"2023-01-09T14:34:24.606+0800","caller":"middleware/sentinel.go:33","msg":"testupdate9727887"}
{"level":"DEBUG","time":"2023-01-09T15:37:10.962+0800","caller":"router/router.go:57","msg":"grpc:127.0.0.1:8881"}
{"level":"DEBUG","time":"2023-01-09T15:38:33.003+0800","caller":"router/router.go:57","msg":"grpc:127.0.0.1:8881"}
{"level":"DEBUG","time":"2023-01-09T17:29:38.676+0800","caller":"router/router.go:57","msg":"grpc:127.0.0.1:8881"}
{"level":"INFO","time":"2023-01-09T17:29:47.853+0800","caller":"search/star.go:40","msg":"Get param"}
{"level":"INFO","time":"2023-01-09T17:29:47.853+0800","caller":"search/star.go:40","msg":"Get param"}
{"level":"INFO","time":"2023-01-09T17:30:08.656+0800","caller":"search/star.go:40","msg":"Get param"}
{"level":"INFO","time":"2023-01-09T17:30:08.656+0800","caller":"search/star.go:40","msg":"Get param"}
{"level":"INFO","time":"2023-01-09T17:30:13.322+0800","caller":"search/star.go:40","msg":"Get param"}
{"level":"INFO","time":"2023-01-09T17:30:13.322+0800","caller":"search/star.go:40","msg":"Get param"}
{"level":"DEBUG","time":"2023-01-09T20:08:45.321+0800","caller":"router/router.go:57","msg":"grpc:127.0.0.1:8881"}
{"level":"DEBUG","time":"2023-01-09T20:08:56.924+0800","caller":"router/router.go:57","msg":"grpc:127.0.0.1:8881"}
{"level":"DEBUG","time":"2023-01-09T20:10:26.965+0800","caller":"router/router.go:57","msg":"grpc:127.0.0.1:8881"}
{"level":"DEBUG","time":"2023-01-09T20:11:02.702+0800","caller":"router/router.go:58","msg":"grpc:127.0.0.1:8882"}
{"level":"DEBUG","time":"2023-01-09T20:11:07.044+0800","caller":"middleware/sentinel.go:32","msg":"/user/login"}
{"level":"DEBUG","time":"2023-01-09T20:11:07.044+0800","caller":"middleware/sentinel.go:33","msg":"testupdate9727887"}
{"level":"DEBUG","time":"2023-01-09T20:11:16.030+0800","caller":"middleware/sentinel.go:32","msg":"/user/auth"}
{"level":"DEBUG","time":"2023-01-09T20:11:16.030+0800","caller":"middleware/sentinel.go:33","msg":"hao"}
{"level":"DEBUG","time":"2023-01-10T21:47:16.936+0800","caller":"router/router.go:57","msg":"grpc:127.0.0.1:8881"}
